{"C:\\Users\\ritik\\Downloads\\user-portfolio-api\\src\\app.js": {"path":"C:\\Users\\ritik\\Downloads\\user-portfolio-api\\src\\app.js","statementMap":{"0":{"start":{"line":1,"column":0},"end":{"line":1,"column":27}},"1":{"start":{"line":2,"column":16},"end":{"line":2,"column":34}},"2":{"start":{"line":3,"column":18},"end":{"line":3,"column":40}},"3":{"start":{"line":4,"column":19},"end":{"line":4,"column":49}},"4":{"start":{"line":6,"column":12},"end":{"line":6,"column":21}},"5":{"start":{"line":8,"column":0},"end":{"line":8,"column":12}},"6":{"start":{"line":10,"column":0},"end":{"line":10,"column":24}},"7":{"start":{"line":11,"column":0},"end":{"line":11,"column":30}},"8":{"start":{"line":13,"column":0},"end":{"line":15,"column":3}},"9":{"start":{"line":14,"column":2},"end":{"line":14,"column":60}},"10":{"start":{"line":17,"column":0},"end":{"line":17,"column":21}}},"fnMap":{"0":{"name":"(anonymous_0)","decl":{"start":{"line":13,"column":19},"end":{"line":13,"column":20}},"loc":{"start":{"line":13,"column":33},"end":{"line":15,"column":1}},"line":13}},"branchMap":{},"s":{"0":1,"1":1,"2":1,"3":1,"4":1,"5":1,"6":1,"7":1,"8":1,"9":0,"10":1},"f":{"0":0},"b":{},"_coverageSchema":"1a1c01bbd47fc00a2c39e90264f33305004495a9","hash":"61c42243d539137318e53c89aee7f8fb15dfb597"}
,"C:\\Users\\ritik\\Downloads\\user-portfolio-api\\src\\config\\db.js": {"path":"C:\\Users\\ritik\\Downloads\\user-portfolio-api\\src\\config\\db.js","statementMap":{"0":{"start":{"line":1,"column":17},"end":{"line":1,"column":36}},"1":{"start":{"line":3,"column":18},"end":{"line":15,"column":1}},"2":{"start":{"line":4,"column":2},"end":{"line":14,"column":3}},"3":{"start":{"line":5,"column":4},"end":{"line":5,"column":50}},"4":{"start":{"line":7,"column":4},"end":{"line":9,"column":5}},"5":{"start":{"line":8,"column":6},"end":{"line":8,"column":41}},"6":{"start":{"line":12,"column":4},"end":{"line":12,"column":25}},"7":{"start":{"line":13,"column":4},"end":{"line":13,"column":20}},"8":{"start":{"line":17,"column":0},"end":{"line":17,"column":27}}},"fnMap":{"0":{"name":"(anonymous_0)","decl":{"start":{"line":3,"column":18},"end":{"line":3,"column":19}},"loc":{"start":{"line":3,"column":30},"end":{"line":15,"column":1}},"line":3}},"branchMap":{"0":{"loc":{"start":{"line":7,"column":4},"end":{"line":9,"column":5}},"type":"if","locations":[{"start":{"line":7,"column":4},"end":{"line":9,"column":5}},{"start":{},"end":{}}],"line":7}},"s":{"0":1,"1":1,"2":1,"3":1,"4":1,"5":0,"6":0,"7":0,"8":1},"f":{"0":1},"b":{"0":[0,1]},"_coverageSchema":"1a1c01bbd47fc00a2c39e90264f33305004495a9","hash":"2afe25e332a4ad52a3af1e9902e9774fde0936c0"}
,"C:\\Users\\ritik\\Downloads\\user-portfolio-api\\src\\controllers\\userController.js": {"path":"C:\\Users\\ritik\\Downloads\\user-portfolio-api\\src\\controllers\\userController.js","statementMap":{"0":{"start":{"line":1,"column":13},"end":{"line":1,"column":43}},"1":{"start":{"line":2,"column":12},"end":{"line":2,"column":35}},"2":{"start":{"line":4,"column":22},"end":{"line":8,"column":1}},"3":{"start":{"line":5,"column":2},"end":{"line":7,"column":5}},"4":{"start":{"line":11,"column":0},"end":{"line":42,"column":2}},"5":{"start":{"line":12,"column":2},"end":{"line":41,"column":3}},"6":{"start":{"line":13,"column":38},"end":{"line":13,"column":46}},"7":{"start":{"line":15,"column":4},"end":{"line":18,"column":5}},"8":{"start":{"line":16,"column":6},"end":{"line":16,"column":22}},"9":{"start":{"line":17,"column":6},"end":{"line":17,"column":49}},"10":{"start":{"line":20,"column":23},"end":{"line":20,"column":52}},"11":{"start":{"line":22,"column":4},"end":{"line":25,"column":5}},"12":{"start":{"line":23,"column":6},"end":{"line":23,"column":22}},"13":{"start":{"line":24,"column":6},"end":{"line":24,"column":45}},"14":{"start":{"line":27,"column":17},"end":{"line":27,"column":61}},"15":{"start":{"line":29,"column":4},"end":{"line":38,"column":7}},"16":{"start":{"line":40,"column":4},"end":{"line":40,"column":16}},"17":{"start":{"line":45,"column":0},"end":{"line":74,"column":2}},"18":{"start":{"line":46,"column":2},"end":{"line":73,"column":3}},"19":{"start":{"line":47,"column":32},"end":{"line":47,"column":40}},"20":{"start":{"line":49,"column":4},"end":{"line":52,"column":5}},"21":{"start":{"line":50,"column":6},"end":{"line":50,"column":22}},"22":{"start":{"line":51,"column":6},"end":{"line":51,"column":53}},"23":{"start":{"line":54,"column":17},"end":{"line":54,"column":46}},"24":{"start":{"line":56,"column":4},"end":{"line":70,"column":5}},"25":{"start":{"line":57,"column":6},"end":{"line":66,"column":9}},"26":{"start":{"line":68,"column":6},"end":{"line":68,"column":22}},"27":{"start":{"line":69,"column":6},"end":{"line":69,"column":51}},"28":{"start":{"line":72,"column":4},"end":{"line":72,"column":16}},"29":{"start":{"line":77,"column":0},"end":{"line":109,"column":2}},"30":{"start":{"line":78,"column":15},"end":{"line":78,"column":42}},"31":{"start":{"line":79,"column":16},"end":{"line":79,"column":44}},"32":{"start":{"line":80,"column":15},"end":{"line":80,"column":33}},"33":{"start":{"line":82,"column":17},"end":{"line":82,"column":19}},"34":{"start":{"line":83,"column":2},"end":{"line":85,"column":3}},"35":{"start":{"line":84,"column":4},"end":{"line":84,"column":60}},"36":{"start":{"line":87,"column":13},"end":{"line":87,"column":15}},"37":{"start":{"line":88,"column":2},"end":{"line":91,"column":3}},"38":{"start":{"line":89,"column":18},"end":{"line":89,"column":53}},"39":{"start":{"line":90,"column":4},"end":{"line":90,"column":35}},"40":{"start":{"line":93,"column":21},"end":{"line":93,"column":54}},"41":{"start":{"line":95,"column":16},"end":{"line":99,"column":15}},"42":{"start":{"line":101,"column":2},"end":{"line":108,"column":5}},"43":{"start":{"line":112,"column":0},"end":{"line":121,"column":2}},"44":{"start":{"line":113,"column":15},"end":{"line":113,"column":69}},"45":{"start":{"line":115,"column":2},"end":{"line":118,"column":3}},"46":{"start":{"line":116,"column":4},"end":{"line":116,"column":20}},"47":{"start":{"line":117,"column":4},"end":{"line":117,"column":38}},"48":{"start":{"line":120,"column":2},"end":{"line":120,"column":42}},"49":{"start":{"line":124,"column":0},"end":{"line":137,"column":2}},"50":{"start":{"line":125,"column":15},"end":{"line":129,"column":23}},"51":{"start":{"line":131,"column":2},"end":{"line":134,"column":3}},"52":{"start":{"line":132,"column":4},"end":{"line":132,"column":20}},"53":{"start":{"line":133,"column":4},"end":{"line":133,"column":38}},"54":{"start":{"line":136,"column":2},"end":{"line":136,"column":42}},"55":{"start":{"line":140,"column":0},"end":{"line":149,"column":2}},"56":{"start":{"line":141,"column":15},"end":{"line":141,"column":58}},"57":{"start":{"line":143,"column":2},"end":{"line":146,"column":3}},"58":{"start":{"line":144,"column":4},"end":{"line":144,"column":20}},"59":{"start":{"line":145,"column":4},"end":{"line":145,"column":38}},"60":{"start":{"line":148,"column":2},"end":{"line":148,"column":55}}},"fnMap":{"0":{"name":"(anonymous_0)","decl":{"start":{"line":4,"column":22},"end":{"line":4,"column":23}},"loc":{"start":{"line":4,"column":30},"end":{"line":8,"column":1}},"line":4},"1":{"name":"(anonymous_1)","decl":{"start":{"line":11,"column":23},"end":{"line":11,"column":24}},"loc":{"start":{"line":11,"column":43},"end":{"line":42,"column":1}},"line":11},"2":{"name":"(anonymous_2)","decl":{"start":{"line":45,"column":20},"end":{"line":45,"column":21}},"loc":{"start":{"line":45,"column":40},"end":{"line":74,"column":1}},"line":45},"3":{"name":"(anonymous_3)","decl":{"start":{"line":77,"column":19},"end":{"line":77,"column":20}},"loc":{"start":{"line":77,"column":39},"end":{"line":109,"column":1}},"line":77},"4":{"name":"(anonymous_4)","decl":{"start":{"line":112,"column":22},"end":{"line":112,"column":23}},"loc":{"start":{"line":112,"column":42},"end":{"line":121,"column":1}},"line":112},"5":{"name":"(anonymous_5)","decl":{"start":{"line":124,"column":21},"end":{"line":124,"column":22}},"loc":{"start":{"line":124,"column":41},"end":{"line":137,"column":1}},"line":124},"6":{"name":"(anonymous_6)","decl":{"start":{"line":140,"column":21},"end":{"line":140,"column":22}},"loc":{"start":{"line":140,"column":41},"end":{"line":149,"column":1}},"line":140}},"branchMap":{"0":{"loc":{"start":{"line":15,"column":4},"end":{"line":18,"column":5}},"type":"if","locations":[{"start":{"line":15,"column":4},"end":{"line":18,"column":5}},{"start":{},"end":{}}],"line":15},"1":{"loc":{"start":{"line":15,"column":8},"end":{"line":15,"column":36}},"type":"binary-expr","locations":[{"start":{"line":15,"column":8},"end":{"line":15,"column":13}},{"start":{"line":15,"column":17},"end":{"line":15,"column":23}},{"start":{"line":15,"column":27},"end":{"line":15,"column":36}}],"line":15},"2":{"loc":{"start":{"line":22,"column":4},"end":{"line":25,"column":5}},"type":"if","locations":[{"start":{"line":22,"column":4},"end":{"line":25,"column":5}},{"start":{},"end":{}}],"line":22},"3":{"loc":{"start":{"line":49,"column":4},"end":{"line":52,"column":5}},"type":"if","locations":[{"start":{"line":49,"column":4},"end":{"line":52,"column":5}},{"start":{},"end":{}}],"line":49},"4":{"loc":{"start":{"line":49,"column":8},"end":{"line":49,"column":27}},"type":"binary-expr","locations":[{"start":{"line":49,"column":8},"end":{"line":49,"column":14}},{"start":{"line":49,"column":18},"end":{"line":49,"column":27}}],"line":49},"5":{"loc":{"start":{"line":56,"column":4},"end":{"line":70,"column":5}},"type":"if","locations":[{"start":{"line":56,"column":4},"end":{"line":70,"column":5}},{"start":{"line":67,"column":11},"end":{"line":70,"column":5}}],"line":56},"6":{"loc":{"start":{"line":56,"column":8},"end":{"line":56,"column":52}},"type":"binary-expr","locations":[{"start":{"line":56,"column":8},"end":{"line":56,"column":12}},{"start":{"line":56,"column":17},"end":{"line":56,"column":51}}],"line":56},"7":{"loc":{"start":{"line":78,"column":15},"end":{"line":78,"column":42}},"type":"binary-expr","locations":[{"start":{"line":78,"column":15},"end":{"line":78,"column":37}},{"start":{"line":78,"column":41},"end":{"line":78,"column":42}}],"line":78},"8":{"loc":{"start":{"line":79,"column":16},"end":{"line":79,"column":44}},"type":"binary-expr","locations":[{"start":{"line":79,"column":16},"end":{"line":79,"column":39}},{"start":{"line":79,"column":43},"end":{"line":79,"column":44}}],"line":79},"9":{"loc":{"start":{"line":83,"column":2},"end":{"line":85,"column":3}},"type":"if","locations":[{"start":{"line":83,"column":2},"end":{"line":85,"column":3}},{"start":{},"end":{}}],"line":83},"10":{"loc":{"start":{"line":88,"column":2},"end":{"line":91,"column":3}},"type":"if","locations":[{"start":{"line":88,"column":2},"end":{"line":91,"column":3}},{"start":{},"end":{}}],"line":88},"11":{"loc":{"start":{"line":89,"column":18},"end":{"line":89,"column":53}},"type":"cond-expr","locations":[{"start":{"line":89,"column":47},"end":{"line":89,"column":49}},{"start":{"line":89,"column":52},"end":{"line":89,"column":53}}],"line":89},"12":{"loc":{"start":{"line":115,"column":2},"end":{"line":118,"column":3}},"type":"if","locations":[{"start":{"line":115,"column":2},"end":{"line":118,"column":3}},{"start":{},"end":{}}],"line":115},"13":{"loc":{"start":{"line":131,"column":2},"end":{"line":134,"column":3}},"type":"if","locations":[{"start":{"line":131,"column":2},"end":{"line":134,"column":3}},{"start":{},"end":{}}],"line":131},"14":{"loc":{"start":{"line":143,"column":2},"end":{"line":146,"column":3}},"type":"if","locations":[{"start":{"line":143,"column":2},"end":{"line":146,"column":3}},{"start":{},"end":{}}],"line":143}},"s":{"0":1,"1":1,"2":1,"3":2,"4":1,"5":1,"6":1,"7":1,"8":0,"9":0,"10":1,"11":1,"12":0,"13":0,"14":1,"15":1,"16":0,"17":1,"18":2,"19":2,"20":2,"21":0,"22":0,"23":2,"24":2,"25":1,"26":1,"27":1,"28":1,"29":1,"30":1,"31":1,"32":1,"33":1,"34":1,"35":0,"36":1,"37":1,"38":0,"39":0,"40":1,"41":1,"42":1,"43":1,"44":0,"45":0,"46":0,"47":0,"48":0,"49":1,"50":0,"51":0,"52":0,"53":0,"54":0,"55":1,"56":0,"57":0,"58":0,"59":0,"60":0},"f":{"0":2,"1":1,"2":2,"3":1,"4":0,"5":0,"6":0},"b":{"0":[0,1],"1":[1,1,1],"2":[0,1],"3":[0,2],"4":[2,2],"5":[1,1],"6":[2,2],"7":[1,1],"8":[1,1],"9":[0,1],"10":[0,1],"11":[0,0],"12":[0,0],"13":[0,0],"14":[0,0]},"_coverageSchema":"1a1c01bbd47fc00a2c39e90264f33305004495a9","hash":"eb5535358b07df51ffc7ad6f9c59660c62fc05e2"}
,"C:\\Users\\ritik\\Downloads\\user-portfolio-api\\src\\middleware\\authMiddleware.js": {"path":"C:\\Users\\ritik\\Downloads\\user-portfolio-api\\src\\middleware\\authMiddleware.js","statementMap":{"0":{"start":{"line":1,"column":12},"end":{"line":1,"column":35}},"1":{"start":{"line":2,"column":13},"end":{"line":2,"column":43}},"2":{"start":{"line":4,"column":16},"end":{"line":27,"column":1}},"3":{"start":{"line":7,"column":2},"end":{"line":23,"column":3}},"4":{"start":{"line":11,"column":4},"end":{"line":22,"column":5}},"5":{"start":{"line":12,"column":6},"end":{"line":12,"column":54}},"6":{"start":{"line":14,"column":22},"end":{"line":14,"column":63}},"7":{"start":{"line":16,"column":6},"end":{"line":16,"column":69}},"8":{"start":{"line":18,"column":6},"end":{"line":18,"column":20}},"9":{"start":{"line":20,"column":6},"end":{"line":20,"column":22}},"10":{"start":{"line":21,"column":6},"end":{"line":21,"column":54}},"11":{"start":{"line":25,"column":2},"end":{"line":25,"column":18}},"12":{"start":{"line":26,"column":2},"end":{"line":26,"column":46}},"13":{"start":{"line":29,"column":0},"end":{"line":29,"column":25}}},"fnMap":{"0":{"name":"(anonymous_0)","decl":{"start":{"line":4,"column":16},"end":{"line":4,"column":17}},"loc":{"start":{"line":4,"column":42},"end":{"line":27,"column":1}},"line":4}},"branchMap":{"0":{"loc":{"start":{"line":7,"column":2},"end":{"line":23,"column":3}},"type":"if","locations":[{"start":{"line":7,"column":2},"end":{"line":23,"column":3}},{"start":{},"end":{}}],"line":7},"1":{"loc":{"start":{"line":8,"column":4},"end":{"line":9,"column":50}},"type":"binary-expr","locations":[{"start":{"line":8,"column":4},"end":{"line":8,"column":29}},{"start":{"line":9,"column":4},"end":{"line":9,"column":50}}],"line":8}},"s":{"0":1,"1":1,"2":1,"3":2,"4":1,"5":1,"6":1,"7":1,"8":1,"9":0,"10":0,"11":1,"12":1,"13":1},"f":{"0":2},"b":{"0":[1,1],"1":[2,1]},"_coverageSchema":"1a1c01bbd47fc00a2c39e90264f33305004495a9","hash":"c04022b14a22dac39198a4591bc3602afcd0ebe7"}
,"C:\\Users\\ritik\\Downloads\\user-portfolio-api\\src\\middleware\\roleMiddleware.js": {"path":"C:\\Users\\ritik\\Downloads\\user-portfolio-api\\src\\middleware\\roleMiddleware.js","statementMap":{"0":{"start":{"line":1,"column":18},"end":{"line":9,"column":1}},"1":{"start":{"line":2,"column":2},"end":{"line":8,"column":4}},"2":{"start":{"line":3,"column":4},"end":{"line":6,"column":5}},"3":{"start":{"line":4,"column":6},"end":{"line":4,"column":22}},"4":{"start":{"line":5,"column":6},"end":{"line":5,"column":56}},"5":{"start":{"line":7,"column":4},"end":{"line":7,"column":11}},"6":{"start":{"line":11,"column":0},"end":{"line":11,"column":27}}},"fnMap":{"0":{"name":"(anonymous_0)","decl":{"start":{"line":1,"column":18},"end":{"line":1,"column":19}},"loc":{"start":{"line":1,"column":32},"end":{"line":9,"column":1}},"line":1},"1":{"name":"(anonymous_1)","decl":{"start":{"line":2,"column":9},"end":{"line":2,"column":10}},"loc":{"start":{"line":2,"column":29},"end":{"line":8,"column":3}},"line":2}},"branchMap":{"0":{"loc":{"start":{"line":3,"column":4},"end":{"line":6,"column":5}},"type":"if","locations":[{"start":{"line":3,"column":4},"end":{"line":6,"column":5}},{"start":{},"end":{}}],"line":3}},"s":{"0":1,"1":1,"2":0,"3":0,"4":0,"5":0,"6":1},"f":{"0":1,"1":0},"b":{"0":[0,0]},"_coverageSchema":"1a1c01bbd47fc00a2c39e90264f33305004495a9","hash":"8c763f1d23a5ce0723ec7a03dab0fc0adb8db5bc"}
,"C:\\Users\\ritik\\Downloads\\user-portfolio-api\\src\\models\\userModel.js": {"path":"C:\\Users\\ritik\\Downloads\\user-portfolio-api\\src\\models\\userModel.js","statementMap":{"0":{"start":{"line":1,"column":17},"end":{"line":1,"column":36}},"1":{"start":{"line":2,"column":15},"end":{"line":2,"column":34}},"2":{"start":{"line":4,"column":19},"end":{"line":26,"column":1}},"3":{"start":{"line":29,"column":0},"end":{"line":34,"column":3}},"4":{"start":{"line":30,"column":2},"end":{"line":30,"column":43}},"5":{"start":{"line":30,"column":36},"end":{"line":30,"column":43}},"6":{"start":{"line":32,"column":15},"end":{"line":32,"column":39}},"7":{"start":{"line":33,"column":2},"end":{"line":33,"column":57}},"8":{"start":{"line":37,"column":0},"end":{"line":39,"column":2}},"9":{"start":{"line":38,"column":2},"end":{"line":38,"column":62}},"10":{"start":{"line":41,"column":13},"end":{"line":41,"column":47}},"11":{"start":{"line":43,"column":0},"end":{"line":43,"column":22}}},"fnMap":{"0":{"name":"(anonymous_0)","decl":{"start":{"line":29,"column":23},"end":{"line":29,"column":24}},"loc":{"start":{"line":29,"column":41},"end":{"line":34,"column":1}},"line":29},"1":{"name":"(anonymous_1)","decl":{"start":{"line":37,"column":35},"end":{"line":37,"column":36}},"loc":{"start":{"line":37,"column":68},"end":{"line":39,"column":1}},"line":37}},"branchMap":{"0":{"loc":{"start":{"line":30,"column":2},"end":{"line":30,"column":43}},"type":"if","locations":[{"start":{"line":30,"column":2},"end":{"line":30,"column":43}},{"start":{},"end":{}}],"line":30}},"s":{"0":1,"1":1,"2":1,"3":1,"4":1,"5":0,"6":1,"7":1,"8":1,"9":2,"10":1,"11":1},"f":{"0":1,"1":2},"b":{"0":[0,1]},"_coverageSchema":"1a1c01bbd47fc00a2c39e90264f33305004495a9","hash":"024a947b392826688779628b4ce1f253240e551a"}
,"C:\\Users\\ritik\\Downloads\\user-portfolio-api\\src\\routes\\userRoutes.js": {"path":"C:\\Users\\ritik\\Downloads\\user-portfolio-api\\src\\routes\\userRoutes.js","statementMap":{"0":{"start":{"line":1,"column":16},"end":{"line":1,"column":34}},"1":{"start":{"line":2,"column":15},"end":{"line":2,"column":31}},"2":{"start":{"line":3,"column":16},"end":{"line":3,"column":55}},"3":{"start":{"line":4,"column":18},"end":{"line":4,"column":57}},"4":{"start":{"line":13,"column":4},"end":{"line":13,"column":44}},"5":{"start":{"line":16,"column":0},"end":{"line":16,"column":39}},"6":{"start":{"line":17,"column":0},"end":{"line":17,"column":33}},"7":{"start":{"line":20,"column":0},"end":{"line":20,"column":35}},"8":{"start":{"line":21,"column":0},"end":{"line":21,"column":41}},"9":{"start":{"line":23,"column":0},"end":{"line":23,"column":40}},"10":{"start":{"line":24,"column":0},"end":{"line":24,"column":42}},"11":{"start":{"line":27,"column":0},"end":{"line":27,"column":63}},"12":{"start":{"line":29,"column":0},"end":{"line":29,"column":24}}},"fnMap":{},"branchMap":{},"s":{"0":1,"1":1,"2":1,"3":1,"4":1,"5":1,"6":1,"7":1,"8":1,"9":1,"10":1,"11":1,"12":1},"f":{},"b":{},"_coverageSchema":"1a1c01bbd47fc00a2c39e90264f33305004495a9","hash":"0a23437d2d5e7aa470ec760a1f1834a8552a46f3"}
}
