TN:
SF:src\app.js
FN:13,(anonymous_0)
FNF:1
FNH:0
FNDA:0,(anonymous_0)
DA:1,1
DA:2,1
DA:3,1
DA:4,1
DA:6,1
DA:8,1
DA:10,1
DA:11,1
DA:13,1
DA:14,0
DA:17,1
LF:11
LH:10
BRF:0
BRH:0
end_of_record
TN:
SF:src\config\db.js
FN:3,(anonymous_0)
FNF:1
FNH:1
FNDA:1,(anonymous_0)
DA:1,1
DA:3,1
DA:4,1
DA:5,1
DA:7,1
DA:8,0
DA:12,0
DA:13,0
DA:17,1
LF:9
LH:6
BRDA:7,0,0,0
BRDA:7,0,1,1
BRF:2
BRH:1
end_of_record
TN:
SF:src\controllers\userController.js
FN:4,(anonymous_0)
FN:11,(anonymous_1)
FN:45,(anonymous_2)
FN:77,(anonymous_3)
FN:112,(anonymous_4)
FN:124,(anonymous_5)
FN:140,(anonymous_6)
FNF:7
FNH:4
FNDA:2,(anonymous_0)
FNDA:1,(anonymous_1)
FNDA:2,(anonymous_2)
FNDA:1,(anonymous_3)
FNDA:0,(anonymous_4)
FNDA:0,(anonymous_5)
FNDA:0,(anonymous_6)
DA:1,1
DA:2,1
DA:4,1
DA:5,2
DA:11,1
DA:12,1
DA:13,1
DA:15,1
DA:16,0
DA:17,0
DA:20,1
DA:22,1
DA:23,0
DA:24,0
DA:27,1
DA:29,1
DA:40,0
DA:45,1
DA:46,2
DA:47,2
DA:49,2
DA:50,0
DA:51,0
DA:54,2
DA:56,2
DA:57,1
DA:68,1
DA:69,1
DA:72,1
DA:77,1
DA:78,1
DA:79,1
DA:80,1
DA:82,1
DA:83,1
DA:84,0
DA:87,1
DA:88,1
DA:89,0
DA:90,0
DA:93,1
DA:95,1
DA:101,1
DA:112,1
DA:113,0
DA:115,0
DA:116,0
DA:117,0
DA:120,0
DA:124,1
DA:125,0
DA:131,0
DA:132,0
DA:133,0
DA:136,0
DA:140,1
DA:141,0
DA:143,0
DA:144,0
DA:145,0
DA:148,0
LF:61
LH:36
BRDA:15,0,0,0
BRDA:15,0,1,1
BRDA:15,1,0,1
BRDA:15,1,1,1
BRDA:15,1,2,1
BRDA:22,2,0,0
BRDA:22,2,1,1
BRDA:49,3,0,0
BRDA:49,3,1,2
BRDA:49,4,0,2
BRDA:49,4,1,2
BRDA:56,5,0,1
BRDA:56,5,1,1
BRDA:56,6,0,2
BRDA:56,6,1,2
BRDA:78,7,0,1
BRDA:78,7,1,1
BRDA:79,8,0,1
BRDA:79,8,1,1
BRDA:83,9,0,0
BRDA:83,9,1,1
BRDA:88,10,0,0
BRDA:88,10,1,1
BRDA:89,11,0,0
BRDA:89,11,1,0
BRDA:115,12,0,0
BRDA:115,12,1,0
BRDA:131,13,0,0
BRDA:131,13,1,0
BRDA:143,14,0,0
BRDA:143,14,1,0
BRF:31
BRH:18
end_of_record
TN:
SF:src\middleware\authMiddleware.js
FN:4,(anonymous_0)
FNF:1
FNH:1
FNDA:2,(anonymous_0)
DA:1,1
DA:2,1
DA:4,1
DA:7,2
DA:11,1
DA:12,1
DA:14,1
DA:16,1
DA:18,1
DA:20,0
DA:21,0
DA:25,1
DA:26,1
DA:29,1
LF:14
LH:12
BRDA:7,0,0,1
BRDA:7,0,1,1
BRDA:8,1,0,2
BRDA:8,1,1,1
BRF:4
BRH:4
end_of_record
TN:
SF:src\middleware\roleMiddleware.js
FN:1,(anonymous_0)
FN:2,(anonymous_1)
FNF:2
FNH:1
FNDA:1,(anonymous_0)
FNDA:0,(anonymous_1)
DA:1,1
DA:2,1
DA:3,0
DA:4,0
DA:5,0
DA:7,0
DA:11,1
LF:7
LH:3
BRDA:3,0,0,0
BRDA:3,0,1,0
BRF:2
BRH:0
end_of_record
TN:
SF:src\models\userModel.js
FN:29,(anonymous_0)
FN:37,(anonymous_1)
FNF:2
FNH:2
FNDA:1,(anonymous_0)
FNDA:2,(anonymous_1)
DA:1,1
DA:2,1
DA:4,1
DA:29,1
DA:30,1
DA:32,1
DA:33,1
DA:37,1
DA:38,2
DA:41,1
DA:43,1
LF:11
LH:11
BRDA:30,0,0,0
BRDA:30,0,1,1
BRF:2
BRH:1
end_of_record
TN:
SF:src\routes\userRoutes.js
FNF:0
FNH:0
DA:1,1
DA:2,1
DA:3,1
DA:4,1
DA:13,1
DA:16,1
DA:17,1
DA:20,1
DA:21,1
DA:23,1
DA:24,1
DA:27,1
DA:29,1
LF:13
LH:13
BRF:0
BRH:0
end_of_record
